\BOOKMARK [0][-]{dummy.7}{\376\377\001\136\000e\000k\000i\000l\000\040\000L\000i\000s\000t\000e\000s\000i}{}% 1
\BOOKMARK [0][-]{dummy.9}{\376\377\000T\000a\000b\000l\000o\000\040\000L\000i\000s\000t\000e\000s\000i}{}% 2
\BOOKMARK [0][-]{dummy.11}{\376\377\000K\001\061\000s\000a\000l\000t\000m\000a\000l\000a\000r}{}% 3
\BOOKMARK [0][-]{chapter.12}{\376\377\0001\000\040\000G\001\060\000R\001\060\001\136\000\040\000v\000e\000\040\000A\000M\000A\000\307}{}% 4
\BOOKMARK [0][-]{chapter.14}{\376\377\0002\000\040\000G\000E\000N\000E\000L\000\040\000B\001\060\000L\000G\001\060\000L\000E\000R}{}% 5
\BOOKMARK [1][-]{section.15}{\376\377\0002\000.\0001\000\040\000H\000E\000P\000A\000T\001\060\000T\000\040\000B\000\040\000V\001\060\000R\000\334\000S\000\334}{chapter.14}% 6
\BOOKMARK [2][-]{subsection.17}{\376\377\0002\000.\0001\000.\0001\000\040\000H\000e\000p\000a\000t\000i\000t\000\040\000B\000\040\000V\000i\000r\000\374\000s\000\374\000'\000n\000\374\000n\000\040\000Y\000a\000p\001\061\000s\001\061\000,\000\040\000P\000r\000o\000t\000e\000i\000n\000l\000e\000r\000i\000\040\000v\000e\000\040\000E\000n\000z\000i\000m\000l\000e\000r\000i}{section.15}% 7
\BOOKMARK [2][-]{subsection.19}{\376\377\0002\000.\0001\000.\0002\000\040\000H\000e\000p\000a\000t\000i\000t\000\040\000B\000\040\000V\000i\000r\000\374\000s\000\374\000'\000n\000\374\000n\000\040\000G\000e\000n\000o\000m\000u}{section.15}% 8
\BOOKMARK [2][-]{subsection.21}{\376\377\0002\000.\0001\000.\0003\000\040\000H\000e\000p\000a\000t\000i\000t\000\040\000B\000\040\000V\000i\000r\000\374\000s\000\374\000'\000n\000\374\000n\000\040\000Y\000a\001\137\000a\000m\000\040\000D\000\366\000n\000g\000\374\000s\000\374\000\040\000v\000e\000\040\000H\000e\000p\000a\000t\000o\000t\000r\000o\000p\000i\000z\000m}{section.15}% 9
\BOOKMARK [2][-]{subsection.23}{\376\377\0002\000.\0001\000.\0004\000\040\000H\000e\000p\000a\000t\000i\000t\000\040\000B\000\040\000V\000i\000r\000\374\000s\000\374\000'\000n\000e\000\040\000K\000a\000r\001\137\001\061\000\040\001\060\000m\000m\000u\000n\000\040\000Y\000a\000n\001\061\000t}{section.15}% 10
\BOOKMARK [1][-]{section.24}{\376\377\0002\000.\0002\000\040\000H\000E\000P\000A\000T\001\060\000T\000\040\000B\000\040\000V\001\060\000R\000\334\000S\000\040\000E\000N\000F\000E\000K\000S\001\060\000Y\000O\000N\000U}{chapter.14}% 11
\BOOKMARK [2][-]{subsection.26}{\376\377\0002\000.\0002\000.\0001\000\040\000K\000r\000o\000n\000i\000k\000\040\000H\000e\000p\000a\000t\000i\000t\000\040\000B}{section.24}% 12
\BOOKMARK [2][-]{subsection.27}{\376\377\0002\000.\0002\000.\0002\000\040\000H\000B\000e\000A\000g\000\040\000N\000e\000g\000a\000t\000i\000f\000\040\000K\000r\000o\000n\000i\000k\000\040\000H\000B\000V\000\040\000E\000n\000f\000e\000k\000s\000i\000y\000o\000n\000u\000\040\000\050\001\060\000n\000a\000k\000t\000i\000f\000\040\000T\000a\001\137\001\061\000y\001\061\000c\001\061\000l\001\061\000k\000\051}{section.24}% 13
\BOOKMARK [2][-]{subsection.28}{\376\377\0002\000.\0002\000.\0003\000\040\000H\000B\000e\000A\000g\000\040\000N\000e\000g\000a\000t\000i\000f\000\040\000K\000r\000o\000n\000i\000k\000\040\000H\000B\000V\000\040\000E\000n\000f\000e\000k\000s\000i\000y\000o\000n\000u\000n\000d\000a\000\040\000K\000o\000m\000p\000l\000i\000k\000a\000s\000y\000o\000n\000l\000a\000r}{section.24}% 14
\BOOKMARK [2][-]{subsection.31}{\376\377\0002\000.\0002\000.\0004\000\040\000H\000B\000e\000A\000g\000\040\000N\000e\000g\000a\000t\000i\000f\000\040\000K\000r\000o\000n\000i\000k\000\040\000H\000B\000V\000\040\000E\000n\000f\000e\000k\000s\000i\000y\000o\000n\000u\000'\000n\000u\000n\000\040\000T\000a\000k\000i\000b\000i}{section.24}% 15
\BOOKMARK [3][-]{subsubsection.32}{\376\377\0002\000.\0002\000.\0004\000.\0001\000\040\000A\000F\000P\000,\000\040\000G\000\366\000r\000\374\000n\000t\000\374\000l\000e\000m\000e\000\040\000Y\000\366\000n\000t\000e\000m\000l\000e\000r\000i\000\040\000v\000e\000\040\000K\000C\000\040\000b\000i\000y\000o\000p\000s\000i\000s\000i}{subsection.31}% 16
\BOOKMARK [3][-]{subsubsection.37}{\376\377\0002\000.\0002\000.\0004\000.\0002\000\040\000S\000a\001\037\000l\001\061\000k\000t\000a\000\040\000U\000y\000g\000u\000l\000a\000m\000a\000\040\000T\000e\000b\000l\000i\001\037\000i\000'\000n\000e\000\040\000g\000\366\000r\000e\000\040\000K\000H\000B\000\040\000t\000e\000d\000a\000v\000i\000s\000i}{subsection.31}% 17
\BOOKMARK [1][-]{section.38}{\376\377\0002\000.\0003\000\040\000S\000A\001\036\000L\000I\000K\000\040\000E\000K\000O\000N\000O\000M\001\060\000S\001\060}{chapter.14}% 18
\BOOKMARK [2][-]{subsection.39}{\376\377\0002\000.\0003\000.\0001\000\040\000M\000a\000l\000i\000y\000e\000t}{section.38}% 19
\BOOKMARK [2][-]{subsection.43}{\376\377\0002\000.\0003\000.\0002\000\040\000K\000\342\000r\000l\000a\000r\000/\000S\000o\000n\000u\000\347\000l\000a\000r}{section.38}% 20
\BOOKMARK [1][-]{section.49}{\376\377\0002\000.\0004\000\040\000S\000A\001\036\000L\000I\000K\000\040\000H\000A\000R\000C\000A\000M\000A\000L\000A\000R\000I\000N\000A\000\040\001\060\000L\001\060\001\136\000K\001\060\000N\000\040\000G\000\334\000N\000C\000E\000L\000\040\000B\001\060\000L\000G\001\060\000L\000E\000R}{chapter.14}% 21
\BOOKMARK [2][-]{subsection.50}{\376\377\0002\000.\0004\000.\0001\000\040\000\334\000l\000k\000e\000m\000i\000z\000d\000e\000k\000i\000\040\000G\000e\000n\000e\000l\000\040\000D\000u\000r\000u\000m}{section.49}% 22
\BOOKMARK [2][-]{subsection.53}{\376\377\0002\000.\0004\000.\0002\000\040\000K\000r\000o\000n\000i\000k\000\040\000H\000e\000p\000a\000t\000i\000t\000\040\000B\000'\000d\000e\000\040\000M\000a\000l\000i\000y\000e\000t}{section.49}% 23
\BOOKMARK [0][-]{chapter.55}{\376\377\0003\000\040\000Y\000\326\000N\000T\000E\000M}{}% 24
\BOOKMARK [1][-]{section.56}{\376\377\0003\000.\0001\000\040\000\307\000A\000L\000I\001\136\000M\000A\000N\000I\000N\000\040\000T\000A\000S\000A\000R\000I\000M\000I}{chapter.55}% 25
\BOOKMARK [1][-]{section.57}{\376\377\0003\000.\0002\000\040\000T\000A\000N\000I\000M\000L\000A\000R}{chapter.55}% 26
\BOOKMARK [1][-]{section.66}{\376\377\0003\000.\0003\000\040\000\307\000A\000L\000I\001\136\000M\000A}{chapter.55}% 27
\BOOKMARK [1][-]{section.67}{\376\377\0003\000.\0004\000\040\001\060\000S\000T\000A\000T\001\060\000S\000T\001\060\000K\000\040\000Y\000\326\000N\000T\000E\000M\000L\000E\000R}{chapter.55}% 28
\BOOKMARK [0][-]{chapter.69}{\376\377\0004\000\040\000B\000U\000L\000G\000U\000L\000A\000R}{}% 29
\BOOKMARK [0][-]{chapter.82}{\376\377\0005\000\040\000T\000A\000R\000T\000I\001\136\000M\000A\000\040\000v\000e\000\040\000S\000O\000N\000U\000\307}{}% 30
\BOOKMARK [1][-]{section.83}{\376\377\0005\000.\0001\000\040\000T\000A\000R\000T\000I\001\136\000M\000A}{chapter.82}% 31
\BOOKMARK [1][-]{section.84}{\376\377\0005\000.\0002\000\040\000T\000E\000Z\001\060\000N\000\040\000K\000I\000S\000I\000T\000L\000I\000L\000I\000K\000L\000A\000R\000I}{chapter.82}% 32
\BOOKMARK [1][-]{section.85}{\376\377\0005\000.\0003\000\040\000S\000O\000N\000U\000\307}{chapter.82}% 33
\BOOKMARK [0][-]{dummy.88}{\376\377\000K\000a\000y\000n\000a\000k\000l\000a\000r}{}% 34
\BOOKMARK [0][-]{dummy.91}{\376\377\000E\000t\000i\000k\000\040\000K\000u\000r\000u\000l\000\040\000O\000n\000a\000y\000\040\000F\000o\000r\000m\000u}{}% 35
